Построение начато 11.10.2023 18:51:43.
     1>Проект "D:\Users\22VVV1\laba 5\laba 5\laba 5.vcxproj" в узле 2 (целевые объекты rebuild).
     1>_PrepareForClean:
         Файл "Debug\laba 5.lastbuildstate" удаляется.
       InitializeBuildStatus:
         Создание "Debug\laba 5.unsuccessfulbuild", так как было задано "AlwaysCreate".
       ClCompile:
         C:\Program Files (x86)\Microsoft Visual Studio 10.0\VC\bin\CL.exe /c /ZI /nologo /W3 /WX- /Od /Oy- /D WIN32 /D _DEBUG /D _CONSOLE /D _UNICODE /D UNICODE /Gm /EHsc /RTC1 /MDd /GS /fp:precise /Zc:wchar_t /Zc:forScope /Fo"Debug\\" /Fd"Debug\vc100.pdb" /Gd /TP /analyze- /errorReport:prompt "laba 5.cpp" stdafx.cpp
         stdafx.cpp
         laba 5.cpp
     1>d:\users\22vvv1\laba 5\laba 5\laba 5.cpp(11): warning C4244: аргумент: преобразование "time_t" в "unsigned int", возможна потеря данных
         Создание кода...
       Link:
         C:\Program Files (x86)\Microsoft Visual Studio 10.0\VC\bin\link.exe /ERRORREPORT:PROMPT /OUT:"D:\Users\22VVV1\laba 5\Debug\laba 5.exe" /INCREMENTAL:NO /NOLOGO kernel32.lib user32.lib gdi32.lib winspool.lib comdlg32.lib advapi32.lib shell32.lib ole32.lib oleaut32.lib uuid.lib odbc32.lib odbccp32.lib /MANIFEST /ManifestFile:"Debug\laba 5.exe.intermediate.manifest" /MANIFESTUAC:"level='asInvoker' uiAccess='false'" /DEBUG /PDB:"D:\Users\22VVV1\laba 5\Debug\laba 5.pdb" /SUBSYSTEM:CONSOLE /TLBID:1 /DYNAMICBASE /NXCOMPAT /IMPLIB:"D:\Users\22VVV1\laba 5\Debug\laba 5.lib" /MACHINE:X86 "Debug\laba 5.obj"
         Debug\stdafx.obj
     1>laba 5.obj : warning LNK4075: не учитывается "/EDITANDCONTINUE" из-за спецификации "/INCREMENTAL:NO"
         laba 5.vcxproj -> D:\Users\22VVV1\laba 5\Debug\laba 5.exe
       Manifest:
         C:\Program Files (x86)\Microsoft SDKs\Windows\v7.0A\bin\mt.exe /nologo /verbose /outputresource:"D:\Users\22VVV1\laba 5\Debug\laba 5.exe;#1" /manifest "Debug\laba 5.exe.intermediate.manifest"
       FinalizeBuildStatus:
         Файл "Debug\laba 5.unsuccessfulbuild" удаляется.
         Обращение к "Debug\laba 5.lastbuildstate".
     1>Построение проекта "D:\Users\22VVV1\laba 5\laba 5\laba 5.vcxproj" завершено (целевые объекты rebuild).

Построение успешно завершено.

Затраченное время: 00:00:01.09
